<?xml version="1.0" encoding="UTF-8"?>
<testng-results ignored="0" total="1" passed="1" failed="0" skipped="0">
  <reporter-output>
  </reporter-output>
  <suite started-at="2022-10-12T16:47:25 IST" name="Default suite" finished-at="2022-10-12T16:48:07 IST" duration-ms="41818">
    <groups>
    </groups>
    <test started-at="2022-10-12T16:47:25 IST" name="Default test" finished-at="2022-10-12T16:48:07 IST" duration-ms="41818">
      <class name="com.bluecloud.RunnerClasses.QAapplication">
        <test-method is-config="true" signature="setupSuite(org.testng.ITestContext)[pri:0, instance:com.bluecloud.RunnerClasses.QAapplication@298a5e20]" started-at="2022-10-12T16:47:25 IST" name="setupSuite" finished-at="2022-10-12T16:47:25 IST" duration-ms="52" status="PASS">
          <params>
            <param index="0">
              <value>
                <![CDATA[org.testng.TestRunner@260a3a5e]]>
              </value>
            </param>
          </params>
          <reporter-output>
          </reporter-output>
        </test-method> <!-- setupSuite -->
        <test-method is-config="true" signature="openBrowser()[pri:0, instance:com.bluecloud.RunnerClasses.QAapplication@298a5e20]" started-at="2022-10-12T16:47:25 IST" name="openBrowser" finished-at="2022-10-12T16:47:43 IST" duration-ms="18107" status="PASS">
          <reporter-output>
          </reporter-output>
        </test-method> <!-- openBrowser -->
        <test-method is-config="true" signature="reportHeader(java.lang.reflect.Method)[pri:0, instance:com.bluecloud.RunnerClasses.QAapplication@298a5e20]" started-at="2022-10-12T16:47:43 IST" name="reportHeader" finished-at="2022-10-12T16:47:43 IST" duration-ms="9" status="PASS">
          <params>
            <param index="0">
              <value>
                <![CDATA[public void com.bluecloud.RunnerClasses.QAapplication.textAndCheckBox() throws java.lang.Throwable]]>
              </value>
            </param>
          </params>
          <reporter-output>
          </reporter-output>
        </test-method> <!-- reportHeader -->
        <test-method signature="textAndCheckBox()[pri:0, instance:com.bluecloud.RunnerClasses.QAapplication@298a5e20]" started-at="2022-10-12T16:47:43 IST" name="textAndCheckBox" finished-at="2022-10-12T16:48:05 IST" duration-ms="21609" status="PASS">
          <reporter-output>
          </reporter-output>
        </test-method> <!-- textAndCheckBox -->
        <test-method is-config="true" signature="tearDownAfterMethod()[pri:0, instance:com.bluecloud.RunnerClasses.QAapplication@298a5e20]" started-at="2022-10-12T16:48:05 IST" name="tearDownAfterMethod" finished-at="2022-10-12T16:48:05 IST" duration-ms="2" status="PASS">
          <reporter-output>
          </reporter-output>
        </test-method> <!-- tearDownAfterMethod -->
        <test-method is-config="true" signature="quitBrowser()[pri:0, instance:com.bluecloud.RunnerClasses.QAapplication@298a5e20]" started-at="2022-10-12T16:48:05 IST" name="quitBrowser" finished-at="2022-10-12T16:48:07 IST" duration-ms="1871" status="PASS">
          <reporter-output>
          </reporter-output>
        </test-method> <!-- quitBrowser -->
        <test-method is-config="true" signature="tearDown()[pri:0, instance:com.bluecloud.RunnerClasses.QAapplication@298a5e20]" started-at="2022-10-12T16:48:07 IST" name="tearDown" finished-at="2022-10-12T16:48:16 IST" duration-ms="8894" status="PASS">
          <reporter-output>
          </reporter-output>
        </test-method> <!-- tearDown -->
      </class> <!-- com.bluecloud.RunnerClasses.QAapplication -->
    </test> <!-- Default test -->
  </suite> <!-- Default suite -->
</testng-results>
